<?xml version="1.0" encoding="UTF-8"?>
<testsuite xmlns:xsi="http://www.w3.org/2001/XMLSchema-instance" xsi:noNamespaceSchemaLocation="https://maven.apache.org/surefire/maven-surefire-plugin/xsd/surefire-test-report.xsd" name="net.shashikantlohar.journalApp.service.RedisTests" time="0.005" tests="1" errors="0" skipped="1" failures="0">
  <properties>
[...]
</properties>
  <testcase name="testSendMail" classname="net.shashikantlohar.journalApp.service.RedisTests" time="0">
    <skipped message="void net.shashikantlohar.journalApp.service.RedisTests.testSendMail() is @Disabled"/>
    <system-out><![CDATA[26-05-13 22:58:29.740 [main] INFO  o.s.b.t.c.SpringBootTestContextBootstrapper - Neither @ContextConfiguration nor @ContextHierarchy found for test class [net.shashikantlohar.journalApp.service.RedisTests], using SpringBootContextLoader 
26-05-13 22:58:29.744 [main] INFO  o.s.t.c.s.AbstractContextLoader - Could not detect default resource locations for test class [net.shashikantlohar.journalApp.service.RedisTests]: no resource found for suffixes {-context.xml, Context.groovy}. 
26-05-13 22:58:29.744 [main] INFO  o.s.t.c.s.AnnotationConfigContextLoaderUtils - Could not detect default configuration classes for test class [net.shashikantlohar.journalApp.service.RedisTests]: RedisTests does not declare any static, non-private, non-final, nested classes annotated with @Configuration. 
26-05-13 22:58:29.772 [main] INFO  o.s.b.t.c.SpringBootTestContextBootstrapper - Found @SpringBootConfiguration net.shashikantlohar.journalApp.JournalApplication for test class net.shashikantlohar.journalApp.service.RedisTests 
26-05-13 22:58:29.777 [main] INFO  o.s.b.t.c.SpringBootTestContextBootstrapper - Loaded default TestExecutionListener class names from location [META-INF/spring.factories]: [org.springframework.boot.test.mock.mockito.MockitoTestExecutionListener, org.springframework.boot.test.mock.mockito.ResetMocksTestExecutionListener, org.springframework.boot.test.autoconfigure.restdocs.RestDocsTestExecutionListener, org.springframework.boot.test.autoconfigure.web.client.MockRestServiceServerResetTestExecutionListener, org.springframework.boot.test.autoconfigure.web.servlet.MockMvcPrintOnlyOnFailureTestExecutionListener, org.springframework.boot.test.autoconfigure.web.servlet.WebDriverTestExecutionListener, org.springframework.boot.test.autoconfigure.webservices.client.MockWebServiceServerTestExecutionListener, org.springframework.test.context.web.ServletTestExecutionListener, org.springframework.test.context.support.DirtiesContextBeforeModesTestExecutionListener, org.springframework.test.context.event.ApplicationEventsTestExecutionListener, org.springframework.test.context.support.DependencyInjectionTestExecutionListener, org.springframework.test.context.support.DirtiesContextTestExecutionListener, org.springframework.test.context.transaction.TransactionalTestExecutionListener, org.springframework.test.context.jdbc.SqlScriptsTestExecutionListener, org.springframework.test.context.event.EventPublishingTestExecutionListener] 
26-05-13 22:58:29.780 [main] INFO  o.s.b.t.c.SpringBootTestContextBootstrapper - Using TestExecutionListeners: [org.springframework.test.context.web.ServletTestExecutionListener@51ac72f7, org.springframework.test.context.support.DirtiesContextBeforeModesTestExecutionListener@15324f25, org.springframework.test.context.event.ApplicationEventsTestExecutionListener@7b9f7087, org.springframework.boot.test.mock.mockito.MockitoTestExecutionListener@22e650e, org.springframework.boot.test.autoconfigure.SpringBootDependencyInjectionTestExecutionListener@30a79476, org.springframework.test.context.support.DirtiesContextTestExecutionListener@376bae20, org.springframework.test.context.transaction.TransactionalTestExecutionListener@37f0fb02, org.springframework.test.context.jdbc.SqlScriptsTestExecutionListener@4687fee7, org.springframework.test.context.event.EventPublishingTestExecutionListener@4a0fc665, org.springframework.boot.test.mock.mockito.ResetMocksTestExecutionListener@207f7baa, org.springframework.boot.test.autoconfigure.restdocs.RestDocsTestExecutionListener@1067bc4c, org.springframework.boot.test.autoconfigure.web.client.MockRestServiceServerResetTestExecutionListener@69ee0861, org.springframework.boot.test.autoconfigure.web.servlet.MockMvcPrintOnlyOnFailureTestExecutionListener@5de6c7d7, org.springframework.boot.test.autoconfigure.web.servlet.WebDriverTestExecutionListener@69f55ea, org.springframework.boot.test.autoconfigure.webservices.client.MockWebServiceServerTestExecutionListener@2b370ca9] 
]]></system-out>
  </testcase>
</testsuite>